{"C:\\Users\\JUMIA-3243\\Documents\\1-Lanre\\2-Me\\LANRE\\0-WEBSITES-APP\\BUILT\\nuxtjs\\todo\\src\\users.ts": {"path":"C:\\Users\\JUMIA-3243\\Documents\\1-Lanre\\2-Me\\LANRE\\0-WEBSITES-APP\\BUILT\\nuxtjs\\todo\\src\\users.ts","all":false,"statementMap":{"0":{"start":{"line":1,"column":0},"end":{"line":1,"column":45}},"1":{"start":{"line":2,"column":0},"end":{"line":2,"column":33}},"2":{"start":{"line":3,"column":0},"end":{"line":3,"column":30}},"3":{"start":{"line":4,"column":0},"end":{"line":4,"column":32}},"4":{"start":{"line":5,"column":0},"end":{"line":5,"column":21}},"5":{"start":{"line":6,"column":0},"end":{"line":6,"column":0}},"6":{"start":{"line":7,"column":0},"end":{"line":7,"column":30}},"7":{"start":{"line":8,"column":0},"end":{"line":8,"column":0}},"8":{"start":{"line":9,"column":0},"end":{"line":9,"column":34}},"9":{"start":{"line":10,"column":0},"end":{"line":10,"column":16}},"10":{"start":{"line":11,"column":0},"end":{"line":11,"column":19}},"11":{"start":{"line":12,"column":0},"end":{"line":12,"column":26}},"12":{"start":{"line":13,"column":0},"end":{"line":13,"column":1}},"13":{"start":{"line":14,"column":0},"end":{"line":14,"column":0}},"14":{"start":{"line":15,"column":0},"end":{"line":15,"column":36}},"15":{"start":{"line":16,"column":0},"end":{"line":16,"column":16}},"16":{"start":{"line":17,"column":0},"end":{"line":17,"column":18}},"17":{"start":{"line":18,"column":0},"end":{"line":18,"column":1}},"18":{"start":{"line":19,"column":0},"end":{"line":19,"column":0}},"19":{"start":{"line":20,"column":0},"end":{"line":20,"column":29}},"20":{"start":{"line":21,"column":0},"end":{"line":21,"column":16}},"21":{"start":{"line":22,"column":0},"end":{"line":22,"column":23}},"22":{"start":{"line":23,"column":0},"end":{"line":23,"column":1}},"23":{"start":{"line":24,"column":0},"end":{"line":24,"column":0}},"24":{"start":{"line":25,"column":0},"end":{"line":25,"column":42}},"25":{"start":{"line":26,"column":0},"end":{"line":26,"column":41}},"26":{"start":{"line":27,"column":0},"end":{"line":27,"column":43}},"27":{"start":{"line":28,"column":0},"end":{"line":28,"column":69}},"28":{"start":{"line":29,"column":0},"end":{"line":29,"column":13}},"29":{"start":{"line":30,"column":0},"end":{"line":30,"column":0}},"30":{"start":{"line":31,"column":0},"end":{"line":31,"column":43}},"31":{"start":{"line":32,"column":0},"end":{"line":32,"column":41}},"32":{"start":{"line":33,"column":0},"end":{"line":33,"column":43}},"33":{"start":{"line":34,"column":0},"end":{"line":34,"column":13}},"34":{"start":{"line":35,"column":0},"end":{"line":35,"column":0}},"35":{"start":{"line":36,"column":0},"end":{"line":36,"column":20}},"36":{"start":{"line":37,"column":0},"end":{"line":37,"column":94}},"37":{"start":{"line":38,"column":0},"end":{"line":38,"column":14}},"38":{"start":{"line":39,"column":0},"end":{"line":39,"column":87}},"39":{"start":{"line":40,"column":0},"end":{"line":40,"column":5}},"40":{"start":{"line":41,"column":0},"end":{"line":41,"column":68}},"41":{"start":{"line":42,"column":0},"end":{"line":42,"column":48}},"42":{"start":{"line":43,"column":0},"end":{"line":43,"column":5}},"43":{"start":{"line":44,"column":0},"end":{"line":44,"column":30}},"44":{"start":{"line":45,"column":0},"end":{"line":45,"column":3}},"45":{"start":{"line":46,"column":0},"end":{"line":46,"column":0}},"46":{"start":{"line":47,"column":0},"end":{"line":47,"column":47}},"47":{"start":{"line":48,"column":0},"end":{"line":48,"column":36}},"48":{"start":{"line":49,"column":0},"end":{"line":49,"column":3}},"49":{"start":{"line":50,"column":0},"end":{"line":50,"column":0}},"50":{"start":{"line":51,"column":0},"end":{"line":51,"column":64}},"51":{"start":{"line":52,"column":0},"end":{"line":52,"column":41}},"52":{"start":{"line":53,"column":0},"end":{"line":53,"column":3}},"53":{"start":{"line":54,"column":0},"end":{"line":54,"column":0}},"54":{"start":{"line":55,"column":0},"end":{"line":55,"column":46}},"55":{"start":{"line":56,"column":0},"end":{"line":56,"column":29}},"56":{"start":{"line":57,"column":0},"end":{"line":57,"column":41}},"57":{"start":{"line":58,"column":0},"end":{"line":58,"column":5}},"58":{"start":{"line":59,"column":0},"end":{"line":59,"column":30}},"59":{"start":{"line":60,"column":0},"end":{"line":60,"column":71}},"60":{"start":{"line":61,"column":0},"end":{"line":61,"column":43}},"61":{"start":{"line":62,"column":0},"end":{"line":62,"column":6}},"62":{"start":{"line":63,"column":0},"end":{"line":63,"column":56}},"63":{"start":{"line":64,"column":0},"end":{"line":64,"column":3}},"64":{"start":{"line":65,"column":0},"end":{"line":65,"column":0}},"65":{"start":{"line":66,"column":0},"end":{"line":66,"column":99}},"66":{"start":{"line":67,"column":0},"end":{"line":67,"column":30}},"67":{"start":{"line":68,"column":0},"end":{"line":68,"column":42}},"68":{"start":{"line":69,"column":0},"end":{"line":69,"column":5}},"69":{"start":{"line":70,"column":0},"end":{"line":70,"column":0}},"70":{"start":{"line":71,"column":0},"end":{"line":71,"column":9}},"71":{"start":{"line":72,"column":0},"end":{"line":72,"column":109}},"72":{"start":{"line":73,"column":0},"end":{"line":73,"column":65}},"73":{"start":{"line":74,"column":0},"end":{"line":74,"column":26}},"74":{"start":{"line":75,"column":0},"end":{"line":75,"column":21}},"75":{"start":{"line":76,"column":0},"end":{"line":76,"column":22}},"76":{"start":{"line":77,"column":0},"end":{"line":77,"column":5}},"77":{"start":{"line":78,"column":0},"end":{"line":78,"column":3}},"78":{"start":{"line":79,"column":0},"end":{"line":79,"column":18}},"79":{"start":{"line":80,"column":0},"end":{"line":80,"column":16}},"80":{"start":{"line":81,"column":0},"end":{"line":81,"column":73}},"81":{"start":{"line":82,"column":0},"end":{"line":82,"column":86}},"82":{"start":{"line":83,"column":0},"end":{"line":83,"column":0}},"83":{"start":{"line":84,"column":0},"end":{"line":84,"column":68}},"84":{"start":{"line":85,"column":0},"end":{"line":85,"column":21}},"85":{"start":{"line":86,"column":0},"end":{"line":86,"column":0}},"86":{"start":{"line":87,"column":0},"end":{"line":87,"column":34}},"87":{"start":{"line":88,"column":0},"end":{"line":88,"column":66}},"88":{"start":{"line":89,"column":0},"end":{"line":89,"column":73}},"89":{"start":{"line":90,"column":0},"end":{"line":90,"column":6}},"90":{"start":{"line":91,"column":0},"end":{"line":91,"column":3}},"91":{"start":{"line":92,"column":0},"end":{"line":92,"column":0}},"92":{"start":{"line":93,"column":0},"end":{"line":93,"column":22}},"93":{"start":{"line":94,"column":0},"end":{"line":94,"column":19}},"94":{"start":{"line":95,"column":0},"end":{"line":95,"column":76}},"95":{"start":{"line":96,"column":0},"end":{"line":96,"column":89}},"96":{"start":{"line":97,"column":0},"end":{"line":97,"column":0}},"97":{"start":{"line":98,"column":0},"end":{"line":98,"column":50}},"98":{"start":{"line":99,"column":0},"end":{"line":99,"column":14}},"99":{"start":{"line":100,"column":0},"end":{"line":100,"column":27}},"100":{"start":{"line":101,"column":0},"end":{"line":101,"column":7}},"101":{"start":{"line":102,"column":0},"end":{"line":102,"column":6}},"102":{"start":{"line":103,"column":0},"end":{"line":103,"column":0}},"103":{"start":{"line":104,"column":0},"end":{"line":104,"column":16}},"104":{"start":{"line":105,"column":0},"end":{"line":105,"column":22}},"105":{"start":{"line":106,"column":0},"end":{"line":106,"column":5}},"106":{"start":{"line":107,"column":0},"end":{"line":107,"column":0}},"107":{"start":{"line":108,"column":0},"end":{"line":108,"column":87}},"108":{"start":{"line":109,"column":0},"end":{"line":109,"column":0}},"109":{"start":{"line":110,"column":0},"end":{"line":110,"column":27}},"110":{"start":{"line":111,"column":0},"end":{"line":111,"column":22}},"111":{"start":{"line":112,"column":0},"end":{"line":112,"column":5}},"112":{"start":{"line":113,"column":0},"end":{"line":113,"column":0}},"113":{"start":{"line":114,"column":0},"end":{"line":114,"column":4}},"114":{"start":{"line":115,"column":0},"end":{"line":115,"column":34}},"115":{"start":{"line":116,"column":0},"end":{"line":116,"column":3}},"116":{"start":{"line":117,"column":0},"end":{"line":117,"column":1}}},"s":{"0":1,"1":1,"2":1,"3":1,"4":1,"5":1,"6":1,"7":1,"8":1,"9":1,"10":1,"11":1,"12":1,"13":1,"14":1,"15":1,"16":1,"17":1,"18":1,"19":1,"20":1,"21":1,"22":1,"23":1,"24":1,"25":1,"26":1,"27":1,"28":1,"29":1,"30":1,"31":1,"32":1,"33":1,"34":1,"35":1,"36":1,"37":1,"38":13,"39":13,"40":13,"41":1,"42":1,"43":13,"44":12,"45":1,"46":1,"47":6,"48":6,"49":1,"50":1,"51":4,"52":4,"53":1,"54":1,"55":3,"56":1,"57":1,"58":3,"59":2,"60":2,"61":2,"62":2,"63":2,"64":1,"65":1,"66":3,"67":1,"68":1,"69":1,"70":3,"71":2,"72":2,"73":2,"74":3,"75":1,"76":1,"77":3,"78":1,"79":1,"80":1,"81":7,"82":7,"83":7,"84":2,"85":2,"86":2,"87":2,"88":2,"89":2,"90":2,"91":1,"92":1,"93":1,"94":1,"95":4,"96":4,"97":4,"98":3,"99":3,"100":3,"101":3,"102":3,"103":3,"104":1,"105":1,"106":1,"107":4,"108":2,"109":2,"110":1,"111":1,"112":1,"113":1,"114":1,"115":1,"116":24},"branchMap":{"0":{"type":"branch","line":38,"loc":{"start":{"line":38,"column":2},"end":{"line":45,"column":3}},"locations":[{"start":{"line":38,"column":2},"end":{"line":45,"column":3}}]},"1":{"type":"branch","line":41,"loc":{"start":{"line":41,"column":22},"end":{"line":41,"column":67}},"locations":[{"start":{"line":41,"column":22},"end":{"line":41,"column":67}}]},"2":{"type":"branch","line":41,"loc":{"start":{"line":41,"column":67},"end":{"line":44,"column":9}},"locations":[{"start":{"line":41,"column":67},"end":{"line":44,"column":9}}]},"3":{"type":"branch","line":44,"loc":{"start":{"line":44,"column":4},"end":{"line":45,"column":3}},"locations":[{"start":{"line":44,"column":4},"end":{"line":45,"column":3}}]},"4":{"type":"branch","line":47,"loc":{"start":{"line":47,"column":2},"end":{"line":49,"column":3}},"locations":[{"start":{"line":47,"column":2},"end":{"line":49,"column":3}}]},"5":{"type":"branch","line":51,"loc":{"start":{"line":51,"column":2},"end":{"line":53,"column":3}},"locations":[{"start":{"line":51,"column":2},"end":{"line":53,"column":3}}]},"6":{"type":"branch","line":55,"loc":{"start":{"line":55,"column":9},"end":{"line":64,"column":3}},"locations":[{"start":{"line":55,"column":9},"end":{"line":64,"column":3}}]},"7":{"type":"branch","line":56,"loc":{"start":{"line":56,"column":28},"end":{"line":59,"column":10}},"locations":[{"start":{"line":56,"column":28},"end":{"line":59,"column":10}}]},"8":{"type":"branch","line":59,"loc":{"start":{"line":59,"column":4},"end":{"line":64,"column":3}},"locations":[{"start":{"line":59,"column":4},"end":{"line":64,"column":3}}]},"9":{"type":"branch","line":66,"loc":{"start":{"line":66,"column":9},"end":{"line":78,"column":3}},"locations":[{"start":{"line":66,"column":9},"end":{"line":78,"column":3}}]},"10":{"type":"branch","line":67,"loc":{"start":{"line":67,"column":29},"end":{"line":71,"column":8}},"locations":[{"start":{"line":67,"column":29},"end":{"line":71,"column":8}}]},"11":{"type":"branch","line":71,"loc":{"start":{"line":71,"column":4},"end":{"line":75,"column":6}},"locations":[{"start":{"line":71,"column":4},"end":{"line":75,"column":6}}]},"12":{"type":"branch","line":75,"loc":{"start":{"line":75,"column":4},"end":{"line":77,"column":5}},"locations":[{"start":{"line":75,"column":4},"end":{"line":77,"column":5}}]},"13":{"type":"branch","line":81,"loc":{"start":{"line":81,"column":2},"end":{"line":91,"column":3}},"locations":[{"start":{"line":81,"column":2},"end":{"line":91,"column":3}}]},"14":{"type":"branch","line":84,"loc":{"start":{"line":84,"column":4},"end":{"line":91,"column":3}},"locations":[{"start":{"line":84,"column":4},"end":{"line":91,"column":3}}]},"15":{"type":"branch","line":95,"loc":{"start":{"line":95,"column":2},"end":{"line":117,"column":1}},"locations":[{"start":{"line":95,"column":2},"end":{"line":117,"column":1}}]},"16":{"type":"branch","line":98,"loc":{"start":{"line":98,"column":4},"end":{"line":104,"column":16}},"locations":[{"start":{"line":98,"column":4},"end":{"line":104,"column":16}}]},"17":{"type":"branch","line":104,"loc":{"start":{"line":104,"column":15},"end":{"line":108,"column":10}},"locations":[{"start":{"line":104,"column":15},"end":{"line":108,"column":10}}]},"18":{"type":"branch","line":108,"loc":{"start":{"line":108,"column":4},"end":{"line":110,"column":27}},"locations":[{"start":{"line":108,"column":4},"end":{"line":110,"column":27}}]},"19":{"type":"branch","line":110,"loc":{"start":{"line":110,"column":26},"end":{"line":116,"column":3}},"locations":[{"start":{"line":110,"column":26},"end":{"line":116,"column":3}}]},"20":{"type":"branch","line":117,"loc":{"start":{"line":117,"column":0},"end":{"line":117,"column":1}},"locations":[{"start":{"line":117,"column":0},"end":{"line":117,"column":1}}]}},"b":{"0":[13],"1":[12],"2":[1],"3":[12],"4":[6],"5":[4],"6":[3],"7":[1],"8":[2],"9":[3],"10":[1],"11":[2],"12":[1],"13":[7],"14":[2],"15":[4],"16":[3],"17":[1],"18":[2],"19":[1],"20":[24]},"fnMap":{"0":{"name":"Users","decl":{"start":{"line":38,"column":2},"end":{"line":45,"column":3}},"loc":{"start":{"line":38,"column":2},"end":{"line":45,"column":3}},"line":38},"1":{"name":"hashPassword","decl":{"start":{"line":47,"column":2},"end":{"line":49,"column":3}},"loc":{"start":{"line":47,"column":2},"end":{"line":49,"column":3}},"line":47},"2":{"name":"isValidPassword","decl":{"start":{"line":51,"column":2},"end":{"line":53,"column":3}},"loc":{"start":{"line":51,"column":2},"end":{"line":53,"column":3}},"line":51},"3":{"name":"createToken","decl":{"start":{"line":55,"column":9},"end":{"line":64,"column":3}},"loc":{"start":{"line":55,"column":9},"end":{"line":64,"column":3}},"line":55},"4":{"name":"getUserInfoFromToken","decl":{"start":{"line":66,"column":9},"end":{"line":78,"column":3}},"loc":{"start":{"line":66,"column":9},"end":{"line":78,"column":3}},"line":66},"5":{"name":"add","decl":{"start":{"line":81,"column":2},"end":{"line":91,"column":3}},"loc":{"start":{"line":81,"column":2},"end":{"line":91,"column":3}},"line":81},"6":{"name":"login","decl":{"start":{"line":95,"column":2},"end":{"line":117,"column":1}},"loc":{"start":{"line":95,"column":2},"end":{"line":117,"column":1}},"line":95},"7":{"name":"get","decl":{"start":{"line":117,"column":0},"end":{"line":117,"column":1}},"loc":{"start":{"line":117,"column":0},"end":{"line":117,"column":1}},"line":117}},"f":{"0":13,"1":6,"2":4,"3":3,"4":3,"5":7,"6":4,"7":24}}
,"C:\\Users\\JUMIA-3243\\Documents\\1-Lanre\\2-Me\\LANRE\\0-WEBSITES-APP\\BUILT\\nuxtjs\\todo\\store\\todo.ts": {"path":"C:\\Users\\JUMIA-3243\\Documents\\1-Lanre\\2-Me\\LANRE\\0-WEBSITES-APP\\BUILT\\nuxtjs\\todo\\store\\todo.ts","all":false,"statementMap":{"0":{"start":{"line":1,"column":0},"end":{"line":1,"column":60}},"1":{"start":{"line":2,"column":0},"end":{"line":2,"column":53}},"2":{"start":{"line":3,"column":0},"end":{"line":3,"column":35}},"3":{"start":{"line":4,"column":0},"end":{"line":4,"column":47}},"4":{"start":{"line":5,"column":0},"end":{"line":5,"column":0}},"5":{"start":{"line":6,"column":0},"end":{"line":6,"column":33}},"6":{"start":{"line":7,"column":0},"end":{"line":7,"column":11}},"7":{"start":{"line":8,"column":0},"end":{"line":8,"column":2}},"8":{"start":{"line":9,"column":0},"end":{"line":9,"column":0}},"9":{"start":{"line":10,"column":0},"end":{"line":10,"column":17}},"10":{"start":{"line":11,"column":0},"end":{"line":11,"column":10}},"11":{"start":{"line":12,"column":0},"end":{"line":12,"column":17}},"12":{"start":{"line":13,"column":0},"end":{"line":13,"column":1}},"13":{"start":{"line":14,"column":0},"end":{"line":14,"column":0}},"14":{"start":{"line":15,"column":0},"end":{"line":15,"column":17}},"15":{"start":{"line":16,"column":0},"end":{"line":16,"column":6}},"16":{"start":{"line":17,"column":0},"end":{"line":17,"column":9}},"17":{"start":{"line":18,"column":0},"end":{"line":18,"column":8}},"18":{"start":{"line":19,"column":0},"end":{"line":19,"column":1}},"19":{"start":{"line":20,"column":0},"end":{"line":20,"column":0}},"20":{"start":{"line":21,"column":0},"end":{"line":21,"column":54}},"21":{"start":{"line":22,"column":0},"end":{"line":22,"column":8}},"22":{"start":{"line":23,"column":0},"end":{"line":23,"column":10}},"23":{"start":{"line":24,"column":0},"end":{"line":24,"column":9}},"24":{"start":{"line":25,"column":0},"end":{"line":25,"column":2}}},"s":{"0":1,"1":1,"2":1,"3":1,"4":1,"5":1,"6":9,"7":9,"8":1,"9":1,"10":1,"11":1,"12":1,"13":1,"14":1,"15":1,"16":1,"17":1,"18":1,"19":1,"20":1,"21":1,"22":1,"23":1,"24":1},"branchMap":{"0":{"type":"branch","line":6,"loc":{"start":{"line":6,"column":14},"end":{"line":8,"column":2}},"locations":[{"start":{"line":6,"column":14},"end":{"line":8,"column":2}}]},"1":{"type":"branch","line":25,"loc":{"start":{"line":25,"column":1},"end":{"line":25,"column":2}},"locations":[{"start":{"line":25,"column":1},"end":{"line":25,"column":2}}]}},"b":{"0":[9],"1":[8]},"fnMap":{"0":{"name":"state","decl":{"start":{"line":6,"column":14},"end":{"line":8,"column":2}},"loc":{"start":{"line":6,"column":14},"end":{"line":8,"column":2}},"line":6},"1":{"name":"get","decl":{"start":{"line":25,"column":1},"end":{"line":25,"column":2}},"loc":{"start":{"line":25,"column":1},"end":{"line":25,"column":2}},"line":25}},"f":{"0":9,"1":8}}
,"C:\\Users\\JUMIA-3243\\Documents\\1-Lanre\\2-Me\\LANRE\\0-WEBSITES-APP\\BUILT\\nuxtjs\\todo\\store\\actions\\aTodos.ts": {"path":"C:\\Users\\JUMIA-3243\\Documents\\1-Lanre\\2-Me\\LANRE\\0-WEBSITES-APP\\BUILT\\nuxtjs\\todo\\store\\actions\\aTodos.ts","all":false,"statementMap":{"0":{"start":{"line":1,"column":0},"end":{"line":1,"column":76}},"1":{"start":{"line":2,"column":0},"end":{"line":2,"column":33}},"2":{"start":{"line":3,"column":0},"end":{"line":3,"column":0}},"3":{"start":{"line":4,"column":0},"end":{"line":4,"column":60}},"4":{"start":{"line":5,"column":0},"end":{"line":5,"column":22}},"5":{"start":{"line":6,"column":0},"end":{"line":6,"column":15}},"6":{"start":{"line":7,"column":0},"end":{"line":7,"column":19}},"7":{"start":{"line":8,"column":0},"end":{"line":8,"column":16}},"8":{"start":{"line":9,"column":0},"end":{"line":9,"column":26}},"9":{"start":{"line":10,"column":0},"end":{"line":10,"column":25}},"10":{"start":{"line":11,"column":0},"end":{"line":11,"column":3}},"11":{"start":{"line":12,"column":0},"end":{"line":12,"column":23}},"12":{"start":{"line":13,"column":0},"end":{"line":13,"column":1}},"13":{"start":{"line":14,"column":0},"end":{"line":14,"column":0}},"14":{"start":{"line":15,"column":0},"end":{"line":15,"column":53}},"15":{"start":{"line":16,"column":0},"end":{"line":16,"column":64}},"16":{"start":{"line":17,"column":0},"end":{"line":17,"column":1}},"17":{"start":{"line":18,"column":0},"end":{"line":18,"column":0}},"18":{"start":{"line":19,"column":0},"end":{"line":19,"column":73}},"19":{"start":{"line":20,"column":0},"end":{"line":20,"column":60}},"20":{"start":{"line":21,"column":0},"end":{"line":21,"column":80}},"21":{"start":{"line":22,"column":0},"end":{"line":22,"column":1}}},"s":{"0":1,"1":1,"2":1,"3":1,"4":5,"5":5,"6":5,"7":5,"8":5,"9":5,"10":5,"11":5,"12":1,"13":1,"14":1,"15":1,"16":1,"17":1,"18":1,"19":2,"20":2,"21":1},"branchMap":{"0":{"type":"branch","line":4,"loc":{"start":{"line":4,"column":7},"end":{"line":13,"column":1}},"locations":[{"start":{"line":4,"column":7},"end":{"line":13,"column":1}}]},"1":{"type":"branch","line":13,"loc":{"start":{"line":13,"column":0},"end":{"line":13,"column":1}},"locations":[{"start":{"line":13,"column":0},"end":{"line":13,"column":1}}]},"2":{"type":"branch","line":15,"loc":{"start":{"line":15,"column":7},"end":{"line":17,"column":1}},"locations":[{"start":{"line":15,"column":7},"end":{"line":17,"column":1}}]},"3":{"type":"branch","line":16,"loc":{"start":{"line":16,"column":34},"end":{"line":16,"column":64}},"locations":[{"start":{"line":16,"column":34},"end":{"line":16,"column":64}}]},"4":{"type":"branch","line":17,"loc":{"start":{"line":17,"column":0},"end":{"line":17,"column":1}},"locations":[{"start":{"line":17,"column":0},"end":{"line":17,"column":1}}]},"5":{"type":"branch","line":19,"loc":{"start":{"line":19,"column":7},"end":{"line":22,"column":1}},"locations":[{"start":{"line":19,"column":7},"end":{"line":22,"column":1}}]},"6":{"type":"branch","line":20,"loc":{"start":{"line":20,"column":37},"end":{"line":20,"column":60}},"locations":[{"start":{"line":20,"column":37},"end":{"line":20,"column":60}}]},"7":{"type":"branch","line":22,"loc":{"start":{"line":22,"column":0},"end":{"line":22,"column":1}},"locations":[{"start":{"line":22,"column":0},"end":{"line":22,"column":1}}]}},"b":{"0":[5],"1":[1],"2":[1],"3":[1],"4":[1],"5":[2],"6":[2],"7":[1]},"fnMap":{"0":{"name":"add","decl":{"start":{"line":4,"column":7},"end":{"line":13,"column":1}},"loc":{"start":{"line":4,"column":7},"end":{"line":13,"column":1}},"line":4},"1":{"name":"get","decl":{"start":{"line":13,"column":0},"end":{"line":13,"column":1}},"loc":{"start":{"line":13,"column":0},"end":{"line":13,"column":1}},"line":13},"2":{"name":"remove","decl":{"start":{"line":15,"column":7},"end":{"line":17,"column":1}},"loc":{"start":{"line":15,"column":7},"end":{"line":17,"column":1}},"line":15},"3":{"name":"get","decl":{"start":{"line":17,"column":0},"end":{"line":17,"column":1}},"loc":{"start":{"line":17,"column":0},"end":{"line":17,"column":1}},"line":17},"4":{"name":"update","decl":{"start":{"line":19,"column":7},"end":{"line":22,"column":1}},"loc":{"start":{"line":19,"column":7},"end":{"line":22,"column":1}},"line":19},"5":{"name":"get","decl":{"start":{"line":22,"column":0},"end":{"line":22,"column":1}},"loc":{"start":{"line":22,"column":0},"end":{"line":22,"column":1}},"line":22}},"f":{"0":5,"1":1,"2":1,"3":1,"4":2,"5":1}}
,"C:\\Users\\JUMIA-3243\\Documents\\1-Lanre\\2-Me\\LANRE\\0-WEBSITES-APP\\BUILT\\nuxtjs\\todo\\store\\getters\\gTodos.ts": {"path":"C:\\Users\\JUMIA-3243\\Documents\\1-Lanre\\2-Me\\LANRE\\0-WEBSITES-APP\\BUILT\\nuxtjs\\todo\\store\\getters\\gTodos.ts","all":false,"statementMap":{"0":{"start":{"line":1,"column":0},"end":{"line":1,"column":55}},"1":{"start":{"line":2,"column":0},"end":{"line":2,"column":0}},"2":{"start":{"line":3,"column":0},"end":{"line":3,"column":62}},"3":{"start":{"line":4,"column":0},"end":{"line":4,"column":57}},"4":{"start":{"line":5,"column":0},"end":{"line":5,"column":1}},"5":{"start":{"line":6,"column":0},"end":{"line":6,"column":0}},"6":{"start":{"line":7,"column":0},"end":{"line":7,"column":69}},"7":{"start":{"line":8,"column":0},"end":{"line":8,"column":73}}},"s":{"0":1,"1":1,"2":1,"3":1,"4":1,"5":1,"6":1,"7":1},"branchMap":{"0":{"type":"branch","line":3,"loc":{"start":{"line":3,"column":61},"end":{"line":5,"column":1}},"locations":[{"start":{"line":3,"column":61},"end":{"line":5,"column":1}}]},"1":{"type":"branch","line":3,"loc":{"start":{"line":3,"column":61},"end":{"line":5,"column":1}},"locations":[{"start":{"line":3,"column":61},"end":{"line":5,"column":1}}]},"2":{"type":"branch","line":4,"loc":{"start":{"line":4,"column":27},"end":{"line":4,"column":57}},"locations":[{"start":{"line":4,"column":27},"end":{"line":4,"column":57}}]},"3":{"type":"branch","line":5,"loc":{"start":{"line":5,"column":0},"end":{"line":5,"column":1}},"locations":[{"start":{"line":5,"column":0},"end":{"line":5,"column":1}}]},"4":{"type":"branch","line":7,"loc":{"start":{"line":7,"column":32},"end":{"line":8,"column":73}},"locations":[{"start":{"line":7,"column":32},"end":{"line":8,"column":73}}]},"5":{"type":"branch","line":8,"loc":{"start":{"line":8,"column":7},"end":{"line":8,"column":73}},"locations":[{"start":{"line":8,"column":7},"end":{"line":8,"column":73}}]},"6":{"type":"branch","line":8,"loc":{"start":{"line":8,"column":72},"end":{"line":8,"column":73}},"locations":[{"start":{"line":8,"column":72},"end":{"line":8,"column":73}}]}},"b":{"0":[1],"1":[1],"2":[1],"3":[1],"4":[1],"5":[4],"6":[1]},"fnMap":{"0":{"name":"getById","decl":{"start":{"line":3,"column":61},"end":{"line":5,"column":1}},"loc":{"start":{"line":3,"column":61},"end":{"line":5,"column":1}},"line":3},"1":{"name":"get","decl":{"start":{"line":5,"column":0},"end":{"line":5,"column":1}},"loc":{"start":{"line":5,"column":0},"end":{"line":5,"column":1}},"line":5},"2":{"name":"getOrderedTodos","decl":{"start":{"line":7,"column":32},"end":{"line":8,"column":73}},"loc":{"start":{"line":7,"column":32},"end":{"line":8,"column":73}},"line":7},"3":{"name":"get","decl":{"start":{"line":8,"column":72},"end":{"line":8,"column":73}},"loc":{"start":{"line":8,"column":72},"end":{"line":8,"column":73}},"line":8}},"f":{"0":1,"1":1,"2":1,"3":1}}
}
